
ROM used:   6122/32768 (19%)
            6122/32768 (19%) including unused fragments

            2.0 Average locations per line
            7.3 Average locations per statement

RAM used:   262/1536 (17%) at main() level
            316/1536 (21%) worst case

Stack used: 6 worst case (3 in main + 3 for interrupts)
Stack size: 31

Lines Stmts  %   Files
----- ----- ---  -----
 2172   834 100  Lock.c
  242     0   0  Lock.h
  665     0   0  C:\Program Files (x86)\PICC\Devices\18F252.h
----- -----
 3079   834 Total

Page ROM  %  RAM   Vol Diff  Functions:
---- --- --- ---   --- ----  ----------
0     40   0    1             @delay_ms1
0     34   0    1             @delay_us1
0     44   0    2             @PUTCHAR_BIU_1
0     86   1    3             @GETCH_BIU_1
0    132   1    2   615  7.2  serial_isr
0    102   1    0   420  3.7  timer0_isr
0     64   1    6   281  6.0  CalcCRC
0     22   0    0    57  1.9  ClearBufferRx
0     26   0    0             @MEMSET
0     20   0    0    38  1.4  ClearBufferTx
0     66   1    7   218  6.9  CompareBuffer
0   3026  25   81 21814 13.6  MAIN
0     66   1    8   218  6.0  ReadEEprom
0     76   1    4   322  4.5  SendAns
0    140   1    8   504  5.8  SendAnsComplex
0     18   0    1    42  1.1  SendByte
0     52   0    2   277  4.8  SleepMinute
0   1190  10    2  6485  9.4  ValidateCommand
0    658   5   49  4137 10.2  ValidateToken
0    102   1    7   209  5.3  WriteEEprom
 Inline         0             @cinit1

Program metrics:
    Functions               15
    Statements              834
    Comments                974
    Volume (V)              44831
    Difficulty (D)          88.5
    Effort to implement (E) 3967293
    Time to implement (T)   61 hours, 13 minutes
    Est Delivered Bugs (B)  8
    Cyclomatic Complexity   152
    Maintainability (MI)    58

 Segment     Used  Free
-----------  ----  ----
00000-00002     4  0  
00004-00006     0  4  
00008-000A0   154  0  
000A2-07FFE  5964  26642  



